# JRE version: OpenJDK Runtime Environment Temurin-17.0.14+7 (17.0.14+7) (build 17.0.14+7)
# Java VM: OpenJDK 64-Bit Server VM Temurin-17.0.14+7 (17.0.14+7, mixed mode, sharing, tiered, compressed oops, compressed class ptrs, g1 gc, windows-amd64)
GC Precious Log:
 CPUs: 32 total, 32 available
 Memory: 64650M
 Large Page Support: Disabled
 NUMA Support: Disabled
 Compressed Oops: Enabled (Zero based)
 Heap Region Size: 8M
 Heap Min Capacity: 8M
 Heap Initial Capacity: 1016M
 Heap Max Capacity: 16168M
 Pre-touch: Disabled
 Parallel Workers: 23
 Concurrent Workers: 6
 Concurrent Refinement Workers: 23
 Periodic GC: Disabled
Heap:
 garbage-first heap   total 1220608K, used 928678K [0x000000040d800000, 0x0000000800000000)
  region size 8192K, 3 young (24576K), 3 survivors (24576K)
 Metaspace       used 130805K, committed 132608K, reserved 1179648K
  class space    used 20276K, committed 21120K, reserved 1048576K
GC Heap History (20 events):
Event: 1288.550 GC heap after
{Heap after GC invocations=54 (full 0):
 garbage-first heap   total 1220608K, used 551453K [0x000000040d800000, 0x0000000800000000)
  region size 8192K, 4 young (32768K), 4 survivors (32768K)
 Metaspace       used 116721K, committed 118336K, reserved 1179648K
  class space    used 18039K, committed 18752K, reserved 1048576K
}
Event: 1390.530 GC heap before
{Heap before GC invocations=54 (full 0):
 garbage-first heap   total 1220608K, used 1051165K [0x000000040d800000, 0x0000000800000000)
  region size 8192K, 65 young (532480K), 4 survivors (32768K)
 Metaspace       used 116721K, committed 118336K, reserved 1179648K
  class space    used 18039K, committed 18752K, reserved 1048576K
}
Event: 1390.534 GC heap after
{Heap after GC invocations=55 (full 0):
 garbage-first heap   total 1220608K, used 552199K [0x000000040d800000, 0x0000000800000000)
  region size 8192K, 4 young (32768K), 4 survivors (32768K)
 Metaspace       used 116721K, committed 118336K, reserved 1179648K
  class space    used 18039K, committed 18752K, reserved 1048576K
}
Event: 1492.504 GC heap before
{Heap before GC invocations=55 (full 0):
 garbage-first heap   total 1220608K, used 1051911K [0x000000040d800000, 0x0000000800000000)
  region size 8192K, 65 young (532480K), 4 survivors (32768K)
 Metaspace       used 116721K, committed 118336K, reserved 1179648K
  class space    used 18039K, committed 18752K, reserved 1048576K
}
Event: 1492.511 GC heap after
{Heap after GC invocations=56 (full 0):
 garbage-first heap   total 1220608K, used 553505K [0x000000040d800000, 0x0000000800000000)
  region size 8192K, 1 young (8192K), 1 survivors (8192K)
 Metaspace       used 116721K, committed 118336K, reserved 1179648K
  class space    used 18039K, committed 18752K, reserved 1048576K
}
Event: 1600.140 GC heap before
{Heap before GC invocations=56 (full 0):
 garbage-first heap   total 1220608K, used 1077793K [0x000000040d800000, 0x0000000800000000)
  region size 8192K, 65 young (532480K), 1 survivors (8192K)
 Metaspace       used 116722K, committed 118336K, reserved 1179648K
  class space    used 18039K, committed 18752K, reserved 1048576K
}
Event: 1600.141 GC heap after
{Heap after GC invocations=57 (full 0):
 garbage-first heap   total 1220608K, used 553231K [0x000000040d800000, 0x0000000800000000)
  region size 8192K, 1 young (8192K), 1 survivors (8192K)
 Metaspace       used 116722K, committed 118336K, reserved 1179648K
  class space    used 18039K, committed 18752K, reserved 1048576K
}
Event: 1614.784 GC heap before
{Heap before GC invocations=58 (full 0):
 garbage-first heap   total 1220608K, used 1077519K [0x000000040d800000, 0x0000000800000000)
  region size 8192K, 65 young (532480K), 1 survivors (8192K)
 Metaspace       used 118915K, committed 120576K, reserved 1179648K
  class space    used 18389K, committed 19136K, reserved 1048576K
}
Event: 1614.793 GC heap after
{Heap after GC invocations=59 (full 0):
 garbage-first heap   total 1220608K, used 570001K [0x000000040d800000, 0x0000000800000000)
  region size 8192K, 3 young (24576K), 3 survivors (24576K)
 Metaspace       used 118915K, committed 120576K, reserved 1179648K
  class space    used 18389K, committed 19136K, reserved 1048576K
}
Event: 1614.991 GC heap before
{Heap before GC invocations=59 (full 0):
 garbage-first heap   total 1220608K, used 602769K [0x000000040d800000, 0x0000000800000000)
  region size 8192K, 7 young (57344K), 3 survivors (24576K)
 Metaspace       used 119442K, committed 121024K, reserved 1179648K
  class space    used 18477K, committed 19200K, reserved 1048576K
}
Event: 1614.997 GC heap after
{Heap after GC invocations=60 (full 0):
 garbage-first heap   total 1220608K, used 568738K [0x000000040d800000, 0x0000000800000000)
  region size 8192K, 1 young (8192K), 1 survivors (8192K)
 Metaspace       used 119442K, committed 121024K, reserved 1179648K
  class space    used 18477K, committed 19200K, reserved 1048576K
}
Event: 1616.141 GC heap before
{Heap before GC invocations=60 (full 0):
 garbage-first heap   total 1220608K, used 1060258K [0x000000040d800000, 0x0000000800000000)
  region size 8192K, 61 young (499712K), 1 survivors (8192K)
 Metaspace       used 125239K, committed 126912K, reserved 1179648K
  class space    used 19519K, committed 20288K, reserved 1048576K
}
Event: 1616.146 GC heap after
{Heap after GC invocations=61 (full 0):
 garbage-first heap   total 1220608K, used 577936K [0x000000040d800000, 0x0000000800000000)
  region size 8192K, 2 young (16384K), 2 survivors (16384K)
 Metaspace       used 125239K, committed 126912K, reserved 1179648K
  class space    used 19519K, committed 20288K, reserved 1048576K
}
Event: 1617.491 GC heap before
{Heap before GC invocations=62 (full 0):
 garbage-first heap   total 1220608K, used 1053072K [0x000000040d800000, 0x0000000800000000)
  region size 8192K, 60 young (491520K), 2 survivors (16384K)
 Metaspace       used 130737K, committed 132544K, reserved 1179648K
  class space    used 20275K, committed 21120K, reserved 1048576K
}
Event: 1617.509 GC heap after
{Heap after GC invocations=63 (full 0):
 garbage-first heap   total 1220608K, used 653026K [0x000000040d800000, 0x0000000800000000)
  region size 8192K, 8 young (65536K), 8 survivors (65536K)
 Metaspace       used 130737K, committed 132544K, reserved 1179648K
  class space    used 20275K, committed 21120K, reserved 1048576K
}
Event: 1617.516 GC heap before
{Heap before GC invocations=63 (full 0):
 garbage-first heap   total 1220608K, used 661218K [0x000000040d800000, 0x0000000800000000)
  region size 8192K, 9 young (73728K), 8 survivors (65536K)
 Metaspace       used 130737K, committed 132544K, reserved 1179648K
  class space    used 20275K, committed 21120K, reserved 1048576K
}
Event: 1617.530 GC heap after
{Heap after GC invocations=64 (full 0):
 garbage-first heap   total 1220608K, used 658187K [0x000000040d800000, 0x0000000800000000)
  region size 8192K, 2 young (16384K), 2 survivors (16384K)
 Metaspace       used 130737K, committed 132544K, reserved 1179648K
  class space    used 20275K, committed 21120K, reserved 1048576K
}
Event: 1617.680 GC heap before
{Heap before GC invocations=64 (full 0):
 garbage-first heap   total 1220608K, used 985867K [0x000000040d800000, 0x0000000800000000)
  region size 8192K, 42 young (344064K), 2 survivors (16384K)
 Metaspace       used 130791K, committed 132608K, reserved 1179648K
  class space    used 20276K, committed 21120K, reserved 1048576K
}
Event: 1617.721 GC heap after
{Heap after GC invocations=65 (full 0):
 garbage-first heap   total 1220608K, used 847490K [0x000000040d800000, 0x0000000800000000)
  region size 8192K, 6 young (49152K), 6 survivors (49152K)
 Metaspace       used 130791K, committed 132608K, reserved 1179648K
  class space    used 20276K, committed 21120K, reserved 1048576K
}
Event: 1617.804 GC heap before
{Heap before GC invocations=65 (full 0):
 garbage-first heap   total 1220608K, used 962178K [0x000000040d800000, 0x0000000800000000)
  region size 8192K, 20 young (163840K), 6 survivors (49152K)
 Metaspace       used 130805K, committed 132608K, reserved 1179648K
  class space    used 20276K, committed 21120K, reserved 1048576K
}

