# JRE version: OpenJDK Runtime Environment Temurin-17.0.14+7 (17.0.14+7) (build 17.0.14+7)
# Java VM: OpenJDK 64-Bit Server VM Temurin-17.0.14+7 (17.0.14+7, mixed mode, sharing, tiered, compressed oops, compressed class ptrs, g1 gc, windows-amd64)
GC Precious Log:
 CPUs: 32 total, 32 available
 Memory: 64650M
 Large Page Support: Disabled
 NUMA Support: Disabled
 Compressed Oops: Enabled (Zero based)
 Heap Region Size: 8M
 Heap Min Capacity: 8M
 Heap Initial Capacity: 1016M
 Heap Max Capacity: 16168M
 Pre-touch: Disabled
 Parallel Workers: 23
 Concurrent Workers: 6
 Concurrent Refinement Workers: 23
 Periodic GC: Disabled
Heap:
 garbage-first heap   total 876544K, used 611614K [0x000000040d800000, 0x0000000800000000)
  region size 8192K, 42 young (344064K), 4 survivors (32768K)
 Metaspace       used 111703K, committed 113280K, reserved 1179648K
  class space    used 17383K, committed 18112K, reserved 1048576K
GC Heap History (20 events):
Event: 14.473 GC heap before
{Heap before GC invocations=18 (full 0):
 garbage-first heap   total 442368K, used 350175K [0x000000040d800000, 0x0000000800000000)
  region size 8192K, 26 young (212992K), 1 survivors (8192K)
 Metaspace       used 50278K, committed 51584K, reserved 1114112K
  class space    used 6326K, committed 6912K, reserved 1048576K
}
Event: 14.481 GC heap after
{Heap after GC invocations=19 (full 0):
 garbage-first heap   total 442368K, used 166248K [0x000000040d800000, 0x0000000800000000)
  region size 8192K, 4 young (32768K), 4 survivors (32768K)
 Metaspace       used 50278K, committed 51584K, reserved 1114112K
  class space    used 6326K, committed 6912K, reserved 1048576K
}
Event: 15.296 GC heap before
{Heap before GC invocations=19 (full 0):
 garbage-first heap   total 442368K, used 338280K [0x000000040d800000, 0x0000000800000000)
  region size 8192K, 25 young (204800K), 4 survivors (32768K)
 Metaspace       used 54393K, committed 55680K, reserved 1114112K
  class space    used 6970K, committed 7552K, reserved 1048576K
}
Event: 15.308 GC heap after
{Heap after GC invocations=20 (full 0):
 garbage-first heap   total 442368K, used 182287K [0x000000040d800000, 0x0000000800000000)
  region size 8192K, 2 young (16384K), 2 survivors (16384K)
 Metaspace       used 54393K, committed 55680K, reserved 1114112K
  class space    used 6970K, committed 7552K, reserved 1048576K
}
Event: 16.369 GC heap before
{Heap before GC invocations=20 (full 0):
 garbage-first heap   total 442368K, used 296975K [0x000000040d800000, 0x0000000800000000)
  region size 8192K, 17 young (139264K), 2 survivors (16384K)
 Metaspace       used 59223K, committed 60480K, reserved 1114112K
  class space    used 8057K, committed 8640K, reserved 1048576K
}
Event: 16.454 GC heap after
{Heap after GC invocations=21 (full 0):
 garbage-first heap   total 729088K, used 202761K [0x000000040d800000, 0x0000000800000000)
  region size 8192K, 3 young (24576K), 3 survivors (24576K)
 Metaspace       used 59223K, committed 60480K, reserved 1114112K
  class space    used 8057K, committed 8640K, reserved 1048576K
}
Event: 18.804 GC heap before
{Heap before GC invocations=22 (full 0):
 garbage-first heap   total 729088K, used 563209K [0x000000040d800000, 0x0000000800000000)
  region size 8192K, 47 young (385024K), 3 survivors (24576K)
 Metaspace       used 84301K, committed 85824K, reserved 1179648K
  class space    used 12180K, committed 12864K, reserved 1048576K
}
Event: 18.814 GC heap after
{Heap after GC invocations=23 (full 0):
 garbage-first heap   total 729088K, used 218568K [0x000000040d800000, 0x0000000800000000)
  region size 8192K, 5 young (40960K), 5 survivors (40960K)
 Metaspace       used 84301K, committed 85824K, reserved 1179648K
  class space    used 12180K, committed 12864K, reserved 1048576K
}
Event: 20.347 GC heap before
{Heap before GC invocations=24 (full 0):
 garbage-first heap   total 729088K, used 570824K [0x000000040d800000, 0x0000000800000000)
  region size 8192K, 48 young (393216K), 5 survivors (40960K)
 Metaspace       used 94126K, committed 95552K, reserved 1179648K
  class space    used 14260K, committed 14912K, reserved 1048576K
}
Event: 20.361 GC heap after
{Heap after GC invocations=25 (full 0):
 garbage-first heap   total 729088K, used 245442K [0x000000040d800000, 0x0000000800000000)
  region size 8192K, 6 young (49152K), 6 survivors (49152K)
 Metaspace       used 94126K, committed 95552K, reserved 1179648K
  class space    used 14260K, committed 14912K, reserved 1048576K
}
Event: 21.650 GC heap before
{Heap before GC invocations=25 (full 0):
 garbage-first heap   total 729088K, used 573122K [0x000000040d800000, 0x0000000800000000)
  region size 8192K, 46 young (376832K), 6 survivors (49152K)
 Metaspace       used 106032K, committed 107648K, reserved 1179648K
  class space    used 16477K, committed 17216K, reserved 1048576K
}
Event: 21.664 GC heap after
{Heap after GC invocations=26 (full 0):
 garbage-first heap   total 729088K, used 269582K [0x000000040d800000, 0x0000000800000000)
  region size 8192K, 4 young (32768K), 4 survivors (32768K)
 Metaspace       used 106032K, committed 107648K, reserved 1179648K
  class space    used 16477K, committed 17216K, reserved 1048576K
}
Event: 21.879 GC heap before
{Heap before GC invocations=26 (full 0):
 garbage-first heap   total 729088K, used 572686K [0x000000040d800000, 0x0000000800000000)
  region size 8192K, 41 young (335872K), 4 survivors (32768K)
 Metaspace       used 108012K, committed 109632K, reserved 1179648K
  class space    used 16831K, committed 17536K, reserved 1048576K
}
Event: 21.887 GC heap after
{Heap after GC invocations=27 (full 0):
 garbage-first heap   total 729088K, used 289082K [0x000000040d800000, 0x0000000800000000)
  region size 8192K, 6 young (49152K), 6 survivors (49152K)
 Metaspace       used 108012K, committed 109632K, reserved 1179648K
  class space    used 16831K, committed 17536K, reserved 1048576K
}
Event: 22.033 GC heap before
{Heap before GC invocations=27 (full 0):
 garbage-first heap   total 729088K, used 567610K [0x000000040d800000, 0x0000000800000000)
  region size 8192K, 41 young (335872K), 6 survivors (49152K)
 Metaspace       used 108629K, committed 110208K, reserved 1179648K
  class space    used 16910K, committed 17600K, reserved 1048576K
}
Event: 22.039 GC heap after
{Heap after GC invocations=28 (full 0):
 garbage-first heap   total 729088K, used 292697K [0x000000040d800000, 0x0000000800000000)
  region size 8192K, 4 young (32768K), 4 survivors (32768K)
 Metaspace       used 108629K, committed 110208K, reserved 1179648K
  class space    used 16910K, committed 17600K, reserved 1048576K
}
Event: 22.355 GC heap before
{Heap before GC invocations=28 (full 0):
 garbage-first heap   total 729088K, used 579417K [0x000000040d800000, 0x0000000800000000)
  region size 8192K, 40 young (327680K), 4 survivors (32768K)
 Metaspace       used 110530K, committed 112128K, reserved 1179648K
  class space    used 17220K, committed 17984K, reserved 1048576K
}
Event: 22.360 GC heap after
{Heap after GC invocations=29 (full 0):
 garbage-first heap   total 729088K, used 300546K [0x000000040d800000, 0x0000000800000000)
  region size 8192K, 3 young (24576K), 3 survivors (24576K)
 Metaspace       used 110530K, committed 112128K, reserved 1179648K
  class space    used 17220K, committed 17984K, reserved 1048576K
}
Event: 22.554 GC heap before
{Heap before GC invocations=29 (full 0):
 garbage-first heap   total 729088K, used 587266K [0x000000040d800000, 0x0000000800000000)
  region size 8192K, 38 young (311296K), 3 survivors (24576K)
 Metaspace       used 111258K, committed 112832K, reserved 1179648K
  class space    used 17327K, committed 18048K, reserved 1048576K
}
Event: 22.560 GC heap after
{Heap after GC invocations=30 (full 0):
 garbage-first heap   total 876544K, used 308510K [0x000000040d800000, 0x0000000800000000)
  region size 8192K, 4 young (32768K), 4 survivors (32768K)
 Metaspace       used 111258K, committed 112832K, reserved 1179648K
  class space    used 17327K, committed 18048K, reserved 1048576K
}

