# JRE version: OpenJDK Runtime Environment Temurin-17.0.14+7 (17.0.14+7) (build 17.0.14+7)
# Java VM: OpenJDK 64-Bit Server VM Temurin-17.0.14+7 (17.0.14+7, mixed mode, sharing, tiered, compressed oops, compressed class ptrs, g1 gc, windows-amd64)
GC Precious Log:
 CPUs: 32 total, 32 available
 Memory: 64650M
 Large Page Support: Disabled
 NUMA Support: Disabled
 Compressed Oops: Enabled (Zero based)
 Heap Region Size: 8M
 Heap Min Capacity: 8M
 Heap Initial Capacity: 1016M
 Heap Max Capacity: 16168M
 Pre-touch: Disabled
 Parallel Workers: 23
 Concurrent Workers: 6
 Concurrent Refinement Workers: 23
 Periodic GC: Disabled
Heap:
 garbage-first heap   total 442368K, used 233342K [0x000000040d800000, 0x0000000800000000)
  region size 8192K, 16 young (131072K), 3 survivors (24576K)
 Metaspace       used 42238K, committed 43456K, reserved 1114112K
  class space    used 4950K, committed 5504K, reserved 1048576K
GC Heap History (20 events):
Event: 4.451 GC heap before
{Heap before GC invocations=4 (full 0):
 garbage-first heap   total 1040384K, used 468035K [0x000000040d800000, 0x0000000800000000)
  region size 8192K, 56 young (458752K), 2 survivors (16384K)
 Metaspace       used 21072K, committed 21504K, reserved 1114112K
  class space    used 2401K, committed 2624K, reserved 1048576K
}
Event: 4.466 GC heap after
{Heap after GC invocations=5 (full 0):
 garbage-first heap   total 1040384K, used 77187K [0x000000040d800000, 0x0000000800000000)
  region size 8192K, 8 young (65536K), 8 survivors (65536K)
 Metaspace       used 21072K, committed 21504K, reserved 1114112K
  class space    used 2401K, committed 2624K, reserved 1048576K
}
Event: 5.211 GC heap before
{Heap before GC invocations=6 (full 0):
 garbage-first heap   total 303104K, used 191875K [0x000000040d800000, 0x0000000800000000)
  region size 8192K, 22 young (180224K), 8 survivors (65536K)
 Metaspace       used 27006K, committed 27776K, reserved 1114112K
  class space    used 3185K, committed 3520K, reserved 1048576K
}
Event: 5.236 GC heap after
{Heap after GC invocations=7 (full 0):
 garbage-first heap   total 303104K, used 91345K [0x000000040d800000, 0x0000000800000000)
  region size 8192K, 2 young (16384K), 2 survivors (16384K)
 Metaspace       used 27006K, committed 27776K, reserved 1114112K
  class space    used 3185K, committed 3520K, reserved 1048576K
}
Event: 5.258 GC heap before
{Heap before GC invocations=7 (full 0):
 garbage-first heap   total 303104K, used 99537K [0x000000040d800000, 0x0000000800000000)
  region size 8192K, 3 young (24576K), 2 survivors (16384K)
 Metaspace       used 27081K, committed 27840K, reserved 1114112K
  class space    used 3194K, committed 3520K, reserved 1048576K
}
Event: 5.262 GC heap after
{Heap after GC invocations=8 (full 0):
 garbage-first heap   total 303104K, used 93238K [0x000000040d800000, 0x0000000800000000)
  region size 8192K, 1 young (8192K), 1 survivors (8192K)
 Metaspace       used 27081K, committed 27840K, reserved 1114112K
  class space    used 3194K, committed 3520K, reserved 1048576K
}
Event: 5.422 GC heap before
{Heap before GC invocations=8 (full 0):
 garbage-first heap   total 303104K, used 191542K [0x000000040d800000, 0x0000000800000000)
  region size 8192K, 13 young (106496K), 1 survivors (8192K)
 Metaspace       used 28357K, committed 29120K, reserved 1114112K
  class space    used 3338K, committed 3712K, reserved 1048576K
}
Event: 5.424 GC heap after
{Heap after GC invocations=9 (full 0):
 garbage-first heap   total 507904K, used 92477K [0x000000040d800000, 0x0000000800000000)
  region size 8192K, 1 young (8192K), 1 survivors (8192K)
 Metaspace       used 28357K, committed 29120K, reserved 1114112K
  class space    used 3338K, committed 3712K, reserved 1048576K
}
Event: 5.945 GC heap before
{Heap before GC invocations=9 (full 0):
 garbage-first heap   total 507904K, used 371005K [0x000000040d800000, 0x0000000800000000)
  region size 8192K, 35 young (286720K), 1 survivors (8192K)
 Metaspace       used 30311K, committed 31232K, reserved 1114112K
  class space    used 3544K, committed 3968K, reserved 1048576K
}
Event: 5.948 GC heap after
{Heap after GC invocations=10 (full 0):
 garbage-first heap   total 507904K, used 95509K [0x000000040d800000, 0x0000000800000000)
  region size 8192K, 1 young (8192K), 1 survivors (8192K)
 Metaspace       used 30311K, committed 31232K, reserved 1114112K
  class space    used 3544K, committed 3968K, reserved 1048576K
}
Event: 6.435 GC heap before
{Heap before GC invocations=10 (full 0):
 garbage-first heap   total 507904K, used 382229K [0x000000040d800000, 0x0000000800000000)
  region size 8192K, 36 young (294912K), 1 survivors (8192K)
 Metaspace       used 30678K, committed 31616K, reserved 1114112K
  class space    used 3609K, committed 4032K, reserved 1048576K
}
Event: 6.438 GC heap after
{Heap after GC invocations=11 (full 0):
 garbage-first heap   total 507904K, used 98859K [0x000000040d800000, 0x0000000800000000)
  region size 8192K, 1 young (8192K), 1 survivors (8192K)
 Metaspace       used 30678K, committed 31616K, reserved 1114112K
  class space    used 3609K, committed 4032K, reserved 1048576K
}
Event: 6.923 GC heap before
{Heap before GC invocations=11 (full 0):
 garbage-first heap   total 507904K, used 393771K [0x000000040d800000, 0x0000000800000000)
  region size 8192K, 37 young (303104K), 1 survivors (8192K)
 Metaspace       used 30682K, committed 31616K, reserved 1114112K
  class space    used 3609K, committed 4032K, reserved 1048576K
}
Event: 6.926 GC heap after
{Heap after GC invocations=12 (full 0):
 garbage-first heap   total 507904K, used 101064K [0x000000040d800000, 0x0000000800000000)
  region size 8192K, 2 young (16384K), 2 survivors (16384K)
 Metaspace       used 30682K, committed 31616K, reserved 1114112K
  class space    used 3609K, committed 4032K, reserved 1048576K
}
Event: 7.819 GC heap before
{Heap before GC invocations=12 (full 0):
 garbage-first heap   total 507904K, used 387784K [0x000000040d800000, 0x0000000800000000)
  region size 8192K, 37 young (303104K), 2 survivors (16384K)
 Metaspace       used 31247K, committed 32256K, reserved 1114112K
  class space    used 3675K, committed 4096K, reserved 1048576K
}
Event: 7.822 GC heap after
{Heap after GC invocations=13 (full 0):
 garbage-first heap   total 507904K, used 104217K [0x000000040d800000, 0x0000000800000000)
  region size 8192K, 2 young (16384K), 2 survivors (16384K)
 Metaspace       used 31247K, committed 32256K, reserved 1114112K
  class space    used 3675K, committed 4096K, reserved 1048576K
}
Event: 8.608 GC heap before
{Heap before GC invocations=13 (full 0):
 garbage-first heap   total 507904K, used 390937K [0x000000040d800000, 0x0000000800000000)
  region size 8192K, 37 young (303104K), 2 survivors (16384K)
 Metaspace       used 33122K, committed 34240K, reserved 1114112K
  class space    used 3892K, committed 4352K, reserved 1048576K
}
Event: 8.615 GC heap after
{Heap after GC invocations=14 (full 0):
 garbage-first heap   total 507904K, used 115869K [0x000000040d800000, 0x0000000800000000)
  region size 8192K, 4 young (32768K), 4 survivors (32768K)
 Metaspace       used 33122K, committed 34240K, reserved 1114112K
  class space    used 3892K, committed 4352K, reserved 1048576K
}
Event: 9.413 GC heap before
{Heap before GC invocations=14 (full 0):
 garbage-first heap   total 507904K, used 181405K [0x000000040d800000, 0x0000000800000000)
  region size 8192K, 13 young (106496K), 4 survivors (32768K)
 Metaspace       used 34978K, committed 36096K, reserved 1114112K
  class space    used 4093K, committed 4608K, reserved 1048576K
}
Event: 9.419 GC heap after
{Heap after GC invocations=15 (full 0):
 garbage-first heap   total 507904K, used 118654K [0x000000040d800000, 0x0000000800000000)
  region size 8192K, 3 young (24576K), 3 survivors (24576K)
 Metaspace       used 34978K, committed 36096K, reserved 1114112K
  class space    used 4093K, committed 4608K, reserved 1048576K
}

