# JRE version: OpenJDK Runtime Environment Temurin-17.0.14+7 (17.0.14+7) (build 17.0.14+7)
# Java VM: OpenJDK 64-Bit Server VM Temurin-17.0.14+7 (17.0.14+7, mixed mode, sharing, tiered, compressed oops, compressed class ptrs, g1 gc, windows-amd64)
GC Precious Log:
 CPUs: 32 total, 32 available
 Memory: 64650M
 Large Page Support: Disabled
 NUMA Support: Disabled
 Compressed Oops: Enabled (Zero based)
 Heap Region Size: 8M
 Heap Min Capacity: 8M
 Heap Initial Capacity: 1016M
 Heap Max Capacity: 16168M
 Pre-touch: Disabled
 Parallel Workers: 23
 Concurrent Workers: 6
 Concurrent Refinement Workers: 23
 Periodic GC: Disabled
Heap:
 garbage-first heap   total 1261568K, used 698456K [0x000000040d800000, 0x0000000800000000)
  region size 8192K, 1 young (8192K), 1 survivors (8192K)
 Metaspace       used 140707K, committed 142528K, reserved 1179648K
  class space    used 21542K, committed 22336K, reserved 1048576K
GC Heap History (20 events):
Event: 2024.930 GC heap after
{Heap after GC invocations=98 (full 0):
 garbage-first heap   total 958464K, used 544997K [0x000000040d800000, 0x0000000800000000)
  region size 8192K, 1 young (8192K), 1 survivors (8192K)
 Metaspace       used 118666K, committed 120192K, reserved 1179648K
  class space    used 18396K, committed 19072K, reserved 1048576K
}
Event: 2085.248 GC heap before
{Heap before GC invocations=98 (full 0):
 garbage-first heap   total 958464K, used 839909K [0x000000040d800000, 0x0000000800000000)
  region size 8192K, 37 young (303104K), 1 survivors (8192K)
 Metaspace       used 118666K, committed 120192K, reserved 1179648K
  class space    used 18396K, committed 19072K, reserved 1048576K
}
Event: 2085.249 GC heap after
{Heap after GC invocations=99 (full 0):
 garbage-first heap   total 958464K, used 545001K [0x000000040d800000, 0x0000000800000000)
  region size 8192K, 1 young (8192K), 1 survivors (8192K)
 Metaspace       used 118666K, committed 120192K, reserved 1179648K
  class space    used 18396K, committed 19072K, reserved 1048576K
}
Event: 2125.103 GC heap before
{Heap before GC invocations=100 (full 0):
 garbage-first heap   total 958464K, used 749801K [0x000000040d800000, 0x0000000800000000)
  region size 8192K, 27 young (221184K), 1 survivors (8192K)
 Metaspace       used 125269K, committed 126912K, reserved 1179648K
  class space    used 19352K, committed 20096K, reserved 1048576K
}
Event: 2125.106 GC heap after
{Heap after GC invocations=101 (full 0):
 garbage-first heap   total 958464K, used 549252K [0x000000040d800000, 0x0000000800000000)
  region size 8192K, 1 young (8192K), 1 survivors (8192K)
 Metaspace       used 125269K, committed 126912K, reserved 1179648K
  class space    used 19352K, committed 20096K, reserved 1048576K
}
Event: 2127.807 GC heap before
{Heap before GC invocations=102 (full 0):
 garbage-first heap   total 958464K, used 852356K [0x000000040d800000, 0x0000000800000000)
  region size 8192K, 37 young (303104K), 1 survivors (8192K)
 Metaspace       used 126616K, committed 128256K, reserved 1179648K
  class space    used 19549K, committed 20288K, reserved 1048576K
}
Event: 2127.813 GC heap after
{Heap after GC invocations=103 (full 0):
 garbage-first heap   total 958464K, used 572034K [0x000000040d800000, 0x0000000800000000)
  region size 8192K, 3 young (24576K), 3 survivors (24576K)
 Metaspace       used 126616K, committed 128256K, reserved 1179648K
  class space    used 19549K, committed 20288K, reserved 1048576K
}
Event: 2128.784 GC heap before
{Heap before GC invocations=103 (full 0):
 garbage-first heap   total 958464K, used 825986K [0x000000040d800000, 0x0000000800000000)
  region size 8192K, 34 young (278528K), 3 survivors (24576K)
 Metaspace       used 130263K, committed 131904K, reserved 1179648K
  class space    used 20040K, committed 20800K, reserved 1048576K
}
Event: 2128.797 GC heap after
{Heap after GC invocations=104 (full 0):
 garbage-first heap   total 958464K, used 618181K [0x000000040d800000, 0x0000000800000000)
  region size 8192K, 5 young (40960K), 5 survivors (40960K)
 Metaspace       used 130263K, committed 131904K, reserved 1179648K
  class space    used 20040K, committed 20800K, reserved 1048576K
}
Event: 2129.113 GC heap before
{Heap before GC invocations=105 (full 0):
 garbage-first heap   total 1163264K, used 798405K [0x000000040d800000, 0x0000000800000000)
  region size 8192K, 27 young (221184K), 5 survivors (40960K)
 Metaspace       used 132333K, committed 134080K, reserved 1179648K
  class space    used 20406K, committed 21184K, reserved 1048576K
}
Event: 2129.121 GC heap after
{Heap after GC invocations=106 (full 0):
 garbage-first heap   total 1163264K, used 624315K [0x000000040d800000, 0x0000000800000000)
  region size 8192K, 2 young (16384K), 2 survivors (16384K)
 Metaspace       used 132333K, committed 134080K, reserved 1179648K
  class space    used 20406K, committed 21184K, reserved 1048576K
}
Event: 2129.280 GC heap before
{Heap before GC invocations=106 (full 0):
 garbage-first heap   total 1163264K, used 665275K [0x000000040d800000, 0x0000000800000000)
  region size 8192K, 7 young (57344K), 2 survivors (16384K)
 Metaspace       used 132775K, committed 134528K, reserved 1179648K
  class space    used 20464K, committed 21248K, reserved 1048576K
}
Event: 2129.283 GC heap after
{Heap after GC invocations=107 (full 0):
 garbage-first heap   total 1163264K, used 627204K [0x000000040d800000, 0x0000000800000000)
  region size 8192K, 1 young (8192K), 1 survivors (8192K)
 Metaspace       used 132775K, committed 134528K, reserved 1179648K
  class space    used 20464K, committed 21248K, reserved 1048576K
}
Event: 2131.144 GC heap before
{Heap before GC invocations=107 (full 0):
 garbage-first heap   total 1163264K, used 954884K [0x000000040d800000, 0x0000000800000000)
  region size 8192K, 41 young (335872K), 1 survivors (8192K)
 Metaspace       used 139812K, committed 141568K, reserved 1179648K
  class space    used 21441K, committed 22208K, reserved 1048576K
}
Event: 2131.154 GC heap after
{Heap after GC invocations=108 (full 0):
 garbage-first heap   total 1163264K, used 687751K [0x000000040d800000, 0x0000000800000000)
  region size 8192K, 6 young (49152K), 6 survivors (49152K)
 Metaspace       used 139812K, committed 141568K, reserved 1179648K
  class space    used 21441K, committed 22208K, reserved 1048576K
}
Event: 2131.475 GC heap before
{Heap before GC invocations=109 (full 0):
 garbage-first heap   total 1261568K, used 925319K [0x000000040d800000, 0x0000000800000000)
  region size 8192K, 35 young (286720K), 6 survivors (49152K)
 Metaspace       used 140137K, committed 141888K, reserved 1179648K
  class space    used 21472K, committed 22272K, reserved 1048576K
}
Event: 2131.481 GC heap after
{Heap after GC invocations=110 (full 0):
 garbage-first heap   total 1261568K, used 706144K [0x000000040d800000, 0x0000000800000000)
  region size 8192K, 3 young (24576K), 3 survivors (24576K)
 Metaspace       used 140137K, committed 141888K, reserved 1179648K
  class space    used 21472K, committed 22272K, reserved 1048576K
}
Event: 2131.515 GC heap before
{Heap before GC invocations=110 (full 0):
 garbage-first heap   total 1261568K, used 738912K [0x000000040d800000, 0x0000000800000000)
  region size 8192K, 7 young (57344K), 3 survivors (24576K)
 Metaspace       used 140142K, committed 141888K, reserved 1179648K
  class space    used 21472K, committed 22272K, reserved 1048576K
}
Event: 2131.517 GC heap after
{Heap after GC invocations=111 (full 0):
 garbage-first heap   total 1261568K, used 696071K [0x000000040d800000, 0x0000000800000000)
  region size 8192K, 1 young (8192K), 1 survivors (8192K)
 Metaspace       used 140142K, committed 141888K, reserved 1179648K
  class space    used 21472K, committed 22272K, reserved 1048576K
}
Event: 2131.895 GC heap before
{Heap before GC invocations=111 (full 0):
 garbage-first heap   total 1261568K, used 1007367K [0x000000040d800000, 0x0000000800000000)
  region size 8192K, 39 young (319488K), 1 survivors (8192K)
 Metaspace       used 140707K, committed 142528K, reserved 1179648K
  class space    used 21542K, committed 22336K, reserved 1048576K
}

